<?xml version="1.0" encoding="UTF-8"?>
<!-- Generated by org.testng.reporters.JUnitReportReporter -->
<testsuite hostname="rohitpunekar" failures="0" tests="6" name="tests" time="2.761" errors="0" timestamp="2024-11-15T19:39:54 IST" skipped="0">
  <testcase classname="tests" name="course_number" time="2.146"/>
  <testcase classname="tests" name="purchase_amount" time="0.054"/>
  <testcase classname="tests" name="first_course_title" time="0.099"/>
  <testcase classname="tests" name="all_course_titles_and_prices" time="0.181"/>
  <testcase classname="tests" name="copies_sold_by_RPA_course" time="0.085"/>
  <testcase classname="tests" name="validate_purchase_amount" time="0.196"/>
</testsuite> <!-- tests -->
